[02:29:25] [main/INFO]: Setting user: Player710
[02:29:26] [Client thread/INFO]: LWJGL Version: 2.9.1
[02:29:30] [Client thread/INFO]: Reloading ResourceManager: Default, FMLFileResourcePack:Forge Mod Loader, FMLFileResourcePack:Minecraft Forge, FMLFileResourcePack:Magic Crusade
[02:29:31] [Sound Library Loader/INFO]: Sound engine started
[02:29:32] [Client thread/INFO]: Created: 512x256 textures/blocks-atlas
[02:29:32] [Client thread/INFO]: Created: 256x256 textures/items-atlas
[02:29:33] [Client thread/INFO]: Reloading ResourceManager: Default, FMLFileResourcePack:Forge Mod Loader, FMLFileResourcePack:Minecraft Forge, FMLFileResourcePack:Magic Crusade
[02:29:33] [Client thread/INFO]: Created: 512x256 textures/items-atlas
[02:29:33] [Client thread/INFO]: Created: 512x256 textures/blocks-atlas
[02:29:34] [Sound Library Loader/INFO]: Sound engine started
[02:29:37] [Server thread/INFO]: Starting integrated minecraft server version 1.7.10
[02:29:37] [Server thread/INFO]: Generating keypair
[02:29:38] [Server thread/INFO]: Preparing start region for level 0
[02:29:39] [Server thread/INFO]: Changing view distance to 12, from 10
[02:29:39] [Server thread/INFO]: Player710[local:E:a5fa4ae0] logged in with entity id 300 at (-234.60514465966742, 70.80686065192772, -33.18514747011682)
[02:29:39] [Server thread/INFO]: Player710 joined the game
[02:29:39] [Server thread/INFO]: Player710 has just earned the achievement [Welcome to Magic Crusade]
[02:29:40] [Client thread/INFO]: [CHAT] Player710 has just earned the achievement [Welcome to Magic Crusade]
[02:29:40] [Server thread/INFO]: Saving and pausing game...
[02:29:41] [Server thread/INFO]: Saving chunks for level 'New World'/Overworld
[02:29:41] [Server thread/INFO]: Saving chunks for level 'New World'/Nether
[02:29:41] [Server thread/INFO]: Saving chunks for level 'New World'/The End
[02:29:41] [Server thread/INFO]: Saving chunks for level 'New World'/Dungeon
[02:29:41] [Server thread/INFO]: Saving chunks for level 'New World'/Dungeon
[02:29:41] [Server thread/INFO]: Saving chunks for level 'New World'/Mystic Groves
[02:37:29] [Server thread/INFO]: Saving and pausing game...
[02:37:29] [Server thread/INFO]: Saving chunks for level 'New World'/Overworld
[02:37:29] [Server thread/INFO]: Saving chunks for level 'New World'/Nether
[02:37:29] [Server thread/INFO]: Saving chunks for level 'New World'/The End
[02:37:29] [Server thread/INFO]: Saving chunks for level 'New World'/Dungeon
[02:37:29] [Server thread/INFO]: Saving chunks for level 'New World'/Dungeon
[02:37:29] [Server thread/INFO]: Saving chunks for level 'New World'/Mystic Groves
[02:37:33] [Client thread/WARN]: Failed to load texture: magiccrusade:textures/spells/Paladin.png
java.io.FileNotFoundException: magiccrusade:textures/spells/Paladin.png
	at net.minecraft.client.resources.FallbackResourceManager.getResource(FallbackResourceManager.java:65) ~[FallbackResourceManager.class:?]
	at net.minecraft.client.resources.SimpleReloadableResourceManager.getResource(SimpleReloadableResourceManager.java:67) ~[SimpleReloadableResourceManager.class:?]
	at net.minecraft.client.renderer.texture.SimpleTexture.loadTexture(SimpleTexture.java:35) ~[SimpleTexture.class:?]
	at net.minecraft.client.renderer.texture.TextureManager.loadTexture(TextureManager.java:89) [TextureManager.class:?]
	at net.minecraft.client.renderer.texture.TextureManager.bindTexture(TextureManager.java:45) [TextureManager.class:?]
	at fr.toss.client.gui.GuiStats.drawSpells(GuiStats.java:219) [GuiStats.class:?]
	at fr.toss.client.gui.GuiStats.drawScreen(GuiStats.java:121) [GuiStats.class:?]
	at net.minecraft.client.renderer.EntityRenderer.updateCameraAndRender(EntityRenderer.java:1137) [EntityRenderer.class:?]
	at net.minecraft.client.Minecraft.runGameLoop(Minecraft.java:1057) [Minecraft.class:?]
	at net.minecraft.client.Minecraft.run(Minecraft.java:951) [Minecraft.class:?]
	at net.minecraft.client.main.Main.main(Main.java:164) [Main.class:?]
	at sun.reflect.NativeMethodAccessorImpl.invoke0(Native Method) ~[?:1.7.0_75]
	at sun.reflect.NativeMethodAccessorImpl.invoke(Unknown Source) ~[?:1.7.0_75]
	at sun.reflect.DelegatingMethodAccessorImpl.invoke(Unknown Source) ~[?:1.7.0_75]
	at java.lang.reflect.Method.invoke(Unknown Source) ~[?:1.7.0_75]
	at net.minecraft.launchwrapper.Launch.launch(Launch.java:135) [launchwrapper-1.11.jar:?]
	at net.minecraft.launchwrapper.Launch.main(Launch.java:28) [launchwrapper-1.11.jar:?]
	at net.minecraftforge.gradle.GradleStartCommon.launch(Unknown Source) [start/:?]
	at GradleStart.main(Unknown Source) [start/:?]
[02:37:33] [Server thread/INFO]: Saving and pausing game...
[02:37:33] [Server thread/INFO]: Saving chunks for level 'New World'/Overworld
[02:37:33] [Server thread/INFO]: Saving chunks for level 'New World'/Nether
[02:37:33] [Server thread/INFO]: Saving chunks for level 'New World'/The End
[02:37:33] [Server thread/INFO]: Saving chunks for level 'New World'/Dungeon
[02:37:33] [Server thread/INFO]: Saving chunks for level 'New World'/Dungeon
[02:37:33] [Server thread/INFO]: Saving chunks for level 'New World'/Mystic Groves
[02:37:50] [Server thread/INFO]: Saving and pausing game...
[02:37:50] [Server thread/INFO]: Saving chunks for level 'New World'/Overworld
[02:37:50] [Server thread/INFO]: Saving chunks for level 'New World'/Nether
[02:37:50] [Server thread/INFO]: Saving chunks for level 'New World'/The End
[02:37:50] [Server thread/INFO]: Saving chunks for level 'New World'/Dungeon
[02:37:50] [Server thread/INFO]: Saving chunks for level 'New World'/Dungeon
[02:37:50] [Server thread/INFO]: Saving chunks for level 'New World'/Mystic Groves
[02:38:03] [Server thread/INFO]: Saving and pausing game...
[02:38:03] [Server thread/INFO]: Saving chunks for level 'New World'/Overworld
[02:38:03] [Server thread/INFO]: Saving chunks for level 'New World'/Nether
[02:38:03] [Server thread/INFO]: Saving chunks for level 'New World'/The End
[02:38:03] [Server thread/INFO]: Saving chunks for level 'New World'/Dungeon
[02:38:03] [Server thread/INFO]: Saving chunks for level 'New World'/Dungeon
[02:38:03] [Server thread/INFO]: Saving chunks for level 'New World'/Mystic Groves
